<?xml version="1.0" encoding="UTF-8"?>
<testng-results total="1" passed="1" failed="0" skipped="0">
  <reporter-output>
    <line>
      <![CDATA[Login Completed]]>
    </line>
  </reporter-output>
  <suite started-at="2023-02-05T09:06:22Z" name="Default suite" finished-at="2023-02-05T09:06:26Z" duration-ms="3785">
    <groups>
    </groups>
    <test started-at="2023-02-05T09:06:22Z" name="Default test" finished-at="2023-02-05T09:06:26Z" duration-ms="3785">
      <class name="com.hrms.testScripts.TC_001">
        <test-method signature="tc001()[pri:0, instance:com.hrms.testScripts.TC_001@4ff8d125]" started-at="2023-02-05T14:36:22Z" name="tc001" finished-at="2023-02-05T14:36:26Z" duration-ms="3769" status="PASS">
          <reporter-output>
            <line>
              <![CDATA[Login Completed]]>
            </line>
          </reporter-output>
        </test-method> <!-- tc001 -->
      </class> <!-- com.hrms.testScripts.TC_001 -->
    </test> <!-- Default test -->
  </suite> <!-- Default suite -->
</testng-results>
